DEBUG:root:Order:2 3 10.0
DEBUG:root:Finish turn

DEBUG:root:Order:2 4 10.0
DEBUG:root:Finish turn

DEBUG:root:Order:2 19 15.0
DEBUG:root:Finish turn

DEBUG:root:Order:2 20 15.0
DEBUG:root:Order:4 2 1
DEBUG:root:Finish turn

DEBUG:root:Order:2 15 20.0
DEBUG:root:Bad order:4 2.0 4
DEBUG:root:Finish turn

DEBUG:root:Order:2 16 20.0
DEBUG:root:Bad order:4 4.0 13
DEBUG:root:Finish turn

DEBUG:root:Order:2 0 26.0
DEBUG:root:Bad order:4 6.0 24
DEBUG:root:Finish turn

DEBUG:root:Bad order:19 1.0 23
DEBUG:root:Bad order:4 8.0 11
DEBUG:root:Finish turn

DEBUG:root:Bad order:19 2.0 21
DEBUG:root:Order:4 2 10
DEBUG:root:Finish turn

DEBUG:root:Bad order:19 3.0 20
DEBUG:root:Finish turn

DEBUG:root:Order:2 9 40.0
DEBUG:root:Bad order:19 4.0 31
DEBUG:root:Bad order:4 4.0 12
DEBUG:root:Finish turn

DEBUG:root:Bad order:19 5.0 23
DEBUG:root:Bad order:15 1.0 19
DEBUG:root:Order:4 2 5
DEBUG:root:Finish turn

DEBUG:root:Bad order:19 6.0 21
DEBUG:root:Bad order:15 4.0 19
DEBUG:root:Finish turn

DEBUG:root:Bad order:15 7.0 20
DEBUG:root:Bad order:19 7.0 20
DEBUG:root:Finish turn

DEBUG:root:Bad order:15 10.0 20
DEBUG:root:Bad order:19 8.0 18
DEBUG:root:Finish turn

DEBUG:root:Bad order:15 13.0 20
DEBUG:root:Bad order:19 9.0 16
DEBUG:root:Finish turn

DEBUG:root:Bad order:15 16.0 20
DEBUG:root:Bad order:19 10.0 14
DEBUG:root:Finish turn

DEBUG:root:Order:2 10 40.0
DEBUG:root:Bad order:15 19.0 31
DEBUG:root:Bad order:19 11.0 23
DEBUG:root:Order:4 2 6
DEBUG:root:Finish turn

DEBUG:root:Bad order:15 22.0 31
DEBUG:root:Bad order:19 12.0 21
DEBUG:root:Finish turn

DEBUG:root:Bad order:15 25.0 31
DEBUG:root:Bad order:19 13.0 19
DEBUG:root:Finish turn

DEBUG:root:Bad order:15 28.0 34
DEBUG:root:Bad order:19 14.0 20
DEBUG:root:Finish turn

DEBUG:root:Order:15 2 31
DEBUG:root:Order:19 2 14
DEBUG:root:Bad order:19 1.0 3
DEBUG:root:Finish turn

DEBUG:root:Order:2 4 2
DEBUG:root:Order:9 4 1
DEBUG:root:Order:15 4 1
DEBUG:root:Finish turn

DEBUG:root:Order:2 19 1
DEBUG:root:Order:2 4 2
DEBUG:root:Finish turn

DEBUG:root:Order:2 19 1
DEBUG:root:Finish turn

DEBUG:root:Order:2 19 2
DEBUG:root:Order:2 9 1
DEBUG:root:Finish turn

DEBUG:root:Order:2 5 46.0
DEBUG:root:Order:15 2 10
DEBUG:root:Order:4 2 8
DEBUG:root:Order:9 2 7
DEBUG:root:Order:19 2 6
DEBUG:root:Order:20 2 3
DEBUG:root:Finish turn

DEBUG:root:Order:15 19 1
DEBUG:root:Finish turn

DEBUG:root:Order:15 20 1
DEBUG:root:Order:15 19 1
DEBUG:root:Finish turn

DEBUG:root:Order:4 16 8
DEBUG:root:Order:9 16 8
DEBUG:root:Order:15 16 2
DEBUG:root:Order:15 19 8
DEBUG:root:Order:20 19 4
DEBUG:root:Finish turn

DEBUG:root:Order:20 15 1
DEBUG:root:Finish turn

DEBUG:root:Order:15 4 4
DEBUG:root:Order:9 4 3
DEBUG:root:Order:20 4 2
DEBUG:root:Order:19 4 1
DEBUG:root:Finish turn

DEBUG:root:Order:15 5 3
DEBUG:root:Order:9 5 2
DEBUG:root:Order:19 5 1
DEBUG:root:Order:20 5 1
DEBUG:root:Finish turn

DEBUG:root:Order:15 20 3
DEBUG:root:Order:4 20 2
DEBUG:root:Order:9 20 2
DEBUG:root:Order:5 20 1
DEBUG:root:Order:19 20 1
DEBUG:root:Finish turn

DEBUG:root:Order:5 20 3
DEBUG:root:Order:15 20 1
DEBUG:root:Order:15 19 1
DEBUG:root:Finish turn

DEBUG:root:Order:5 20 2
DEBUG:root:Order:5 19 1
DEBUG:root:Finish turn

DEBUG:root:Order:5 19 1
DEBUG:root:Order:5 20 1
DEBUG:root:Order:5 4 2
DEBUG:root:Finish turn

DEBUG:root:Order:4 19 1
DEBUG:root:Order:4 20 1
DEBUG:root:Order:4 9 1
DEBUG:root:Order:5 9 1
DEBUG:root:Order:15 9 1
DEBUG:root:Finish turn

DEBUG:root:Order:5 4 2
DEBUG:root:Order:5 19 2
DEBUG:root:Order:5 20 2
DEBUG:root:Finish turn

DEBUG:root:Order:9 19 1
DEBUG:root:Order:9 20 1
DEBUG:root:Order:9 4 1
DEBUG:root:Order:15 4 1
DEBUG:root:Finish turn

DEBUG:root:Order:5 9 1
DEBUG:root:Order:5 19 1
DEBUG:root:Order:5 20 1
DEBUG:root:Finish turn

DEBUG:root:Order:5 19 2
DEBUG:root:Order:5 20 2
DEBUG:root:Order:5 9 1
DEBUG:root:Finish turn

DEBUG:root:Order:15 19 1
DEBUG:root:Order:15 5 2
DEBUG:root:Finish turn

DEBUG:root:Order:5 9 8
DEBUG:root:Order:4 9 4
DEBUG:root:Order:15 9 4
DEBUG:root:Order:10 9 3
DEBUG:root:Order:19 9 2
DEBUG:root:Finish turn

DEBUG:root:Order:5 9 3
DEBUG:root:Order:5 19 3
DEBUG:root:Order:15 19 1
DEBUG:root:Finish turn

DEBUG:root:Order:19 9 1
DEBUG:root:Order:19 4 1
DEBUG:root:Finish turn

DEBUG:root:Order:5 19 1
DEBUG:root:Order:5 9 2
DEBUG:root:Order:15 9 1
DEBUG:root:Finish turn

DEBUG:root:Order:5 19 1
DEBUG:root:Order:9 19 1
DEBUG:root:Order:9 10 1
DEBUG:root:Order:9 4 1
DEBUG:root:Finish turn

DEBUG:root:Order:5 9 1
DEBUG:root:Order:5 19 1
DEBUG:root:Order:5 10 3
DEBUG:root:Order:15 10 1
DEBUG:root:Finish turn

DEBUG:root:Order:10 19 2
DEBUG:root:Order:10 9 1
DEBUG:root:Order:10 4 2
DEBUG:root:Finish turn

DEBUG:root:Order:5 10 2
DEBUG:root:Order:5 19 1
DEBUG:root:Order:5 9 3
DEBUG:root:Order:4 9 1
DEBUG:root:Order:15 9 1
DEBUG:root:Finish turn

DEBUG:root:Order:9 19 2
DEBUG:root:Order:9 10 1
DEBUG:root:Order:9 4 3
DEBUG:root:Finish turn

DEBUG:root:Order:5 11 54.0
DEBUG:root:Order:4 5 11
DEBUG:root:Order:15 5 10
DEBUG:root:Order:10 5 8
DEBUG:root:Order:19 5 7
DEBUG:root:Order:9 5 6
DEBUG:root:Finish turn

DEBUG:root:Order:5 19 1
DEBUG:root:Order:5 4 1
DEBUG:root:Finish turn

DEBUG:root:Order:5 19 1
DEBUG:root:Order:5 9 2
DEBUG:root:Order:15 9 1
DEBUG:root:Finish turn

DEBUG:root:Order:5 19 1
DEBUG:root:Order:9 19 1
DEBUG:root:Order:9 10 1
DEBUG:root:Order:9 4 1
DEBUG:root:Finish turn

DEBUG:root:Order:5 9 1
DEBUG:root:Order:5 19 1
DEBUG:root:Order:5 10 3
DEBUG:root:Order:15 10 1
DEBUG:root:Finish turn

DEBUG:root:Order:10 19 2
DEBUG:root:Order:10 9 1
DEBUG:root:Order:10 4 2
DEBUG:root:Finish turn

DEBUG:root:Order:5 10 2
DEBUG:root:Order:5 19 1
DEBUG:root:Order:5 9 3
DEBUG:root:Order:4 9 1
DEBUG:root:Order:15 9 1
DEBUG:root:Finish turn

DEBUG:root:Order:9 11 18
DEBUG:root:Order:15 11 15
DEBUG:root:Order:4 11 14
DEBUG:root:Order:5 11 14
DEBUG:root:Order:10 11 13
DEBUG:root:Order:19 11 12
DEBUG:root:Finish turn

DEBUG:root:Order:5 11 3
DEBUG:root:Order:5 19 1
DEBUG:root:Finish turn

DEBUG:root:Order:5 11 5
DEBUG:root:Order:15 11 5
DEBUG:root:Order:4 11 3
DEBUG:root:Order:9 11 3
DEBUG:root:Order:10 11 3
DEBUG:root:Order:19 11 2
DEBUG:root:Finish turn

DEBUG:root:Order:5 11 2
DEBUG:root:Order:5 19 1
DEBUG:root:Order:5 4 2
DEBUG:root:Finish turn

DEBUG:root:Order:4 19 1
DEBUG:root:Order:4 9 1
DEBUG:root:Order:11 9 1
DEBUG:root:Order:15 9 1
DEBUG:root:Finish turn

DEBUG:root:Order:5 19 2
DEBUG:root:Order:5 4 1
DEBUG:root:Order:5 10 1
DEBUG:root:Finish turn

DEBUG:root:Order:11 19 2
DEBUG:root:Order:11 4 1
DEBUG:root:Order:11 10 1
DEBUG:root:Finish turn

DEBUG:root:Order:5 19 2
DEBUG:root:Order:5 4 1
DEBUG:root:Order:5 10 1
DEBUG:root:Finish turn

DEBUG:root:Order:15 12 54.0
DEBUG:root:Order:5 15 13
DEBUG:root:Order:4 15 11
DEBUG:root:Order:9 15 11
DEBUG:root:Order:10 15 5
DEBUG:root:Order:10 11 11
DEBUG:root:Order:19 11 6
DEBUG:root:Finish turn

DEBUG:root:Order:5 10 2
DEBUG:root:Order:19 10 2
DEBUG:root:Finish turn

DEBUG:root:Order:5 10 2
DEBUG:root:Order:5 4 1
DEBUG:root:Order:5 9 1
DEBUG:root:Order:5 19 1
DEBUG:root:Finish turn

DEBUG:root:Order:11 19 1
DEBUG:root:Order:11 4 3
DEBUG:root:Finish turn

DEBUG:root:Order:5 19 2
DEBUG:root:Order:5 9 1
DEBUG:root:Order:5 10 1
DEBUG:root:Finish turn

DEBUG:root:Order:11 19 1
DEBUG:root:Finish turn

DEBUG:root:Order:11 8 64.0
DEBUG:root:Order:5 11 12
DEBUG:root:Order:15 11 10
DEBUG:root:Order:4 11 9
DEBUG:root:Order:9 11 7
DEBUG:root:Order:10 11 7
DEBUG:root:Order:19 11 6
DEBUG:root:Finish turn

DEBUG:root:Order:5 15 6
DEBUG:root:Order:4 15 3
DEBUG:root:Order:9 15 3
DEBUG:root:Order:10 15 3
DEBUG:root:Order:11 15 3
DEBUG:root:Order:19 15 2
DEBUG:root:Finish turn

DEBUG:root:Order:5 15 3
DEBUG:root:Order:11 15 1
DEBUG:root:Order:11 19 1
DEBUG:root:Finish turn

DEBUG:root:Order:5 19 1
DEBUG:root:Order:5 4 2
DEBUG:root:Order:11 4 1
DEBUG:root:Finish turn

DEBUG:root:Order:4 19 1
DEBUG:root:Order:5 19 1
DEBUG:root:Order:5 9 1
DEBUG:root:Order:5 10 1
DEBUG:root:Finish turn

DEBUG:root:Order:11 19 2
DEBUG:root:Order:11 9 1
DEBUG:root:Order:11 10 1
DEBUG:root:Order:11 4 2
DEBUG:root:Finish turn

DEBUG:root:Order:5 11 1
DEBUG:root:Order:5 19 1
DEBUG:root:Order:5 9 3
DEBUG:root:Order:4 9 1
DEBUG:root:Order:15 9 1
DEBUG:root:Finish turn

DEBUG:root:Order:9 19 2
DEBUG:root:Order:9 10 1
DEBUG:root:Order:9 4 3
DEBUG:root:Finish turn

DEBUG:root:Order:5 18 69.0
DEBUG:root:Order:4 8 26
DEBUG:root:Order:11 8 26
DEBUG:root:Order:15 8 25
DEBUG:root:Order:10 8 23
DEBUG:root:Order:19 8 5
DEBUG:root:Order:19 5 22
DEBUG:root:Order:9 5 19
DEBUG:root:Finish turn

DEBUG:root:Order:5 19 2
DEBUG:root:Order:9 19 2
DEBUG:root:Order:11 19 1
DEBUG:root:Order:11 8 1
DEBUG:root:Finish turn

DEBUG:root:Order:5 19 2
DEBUG:root:Order:5 4 2
DEBUG:root:Order:11 4 1
DEBUG:root:Order:15 4 1
DEBUG:root:Finish turn

DEBUG:root:Order:4 5 8
DEBUG:root:Order:11 5 7
DEBUG:root:Order:15 5 6
DEBUG:root:Order:9 5 4
DEBUG:root:Order:10 5 4
DEBUG:root:Order:19 5 3
DEBUG:root:Finish turn

DEBUG:root:Order:5 19 1
DEBUG:root:Order:5 4 1
DEBUG:root:Order:11 4 1
DEBUG:root:Finish turn

DEBUG:root:Order:5 19 1
DEBUG:root:Order:11 19 1
DEBUG:root:Order:11 9 1
DEBUG:root:Order:11 10 1
DEBUG:root:Finish turn

DEBUG:root:Order:15 22 76.0
DEBUG:root:Order:5 15 13
DEBUG:root:Order:4 15 10
DEBUG:root:Order:11 15 10
DEBUG:root:Order:9 15 9
DEBUG:root:Order:10 15 9
DEBUG:root:Order:19 15 8
DEBUG:root:Finish turn

DEBUG:root:Order:11 5 9
DEBUG:root:Order:4 5 7
DEBUG:root:Order:9 5 7
DEBUG:root:Order:10 5 7
DEBUG:root:Order:19 5 6
DEBUG:root:Order:15 5 2
DEBUG:root:Finish turn

DEBUG:root:Order:5 19 1
DEBUG:root:Order:5 4 2
DEBUG:root:Order:11 4 1
DEBUG:root:Finish turn

DEBUG:root:Order:4 19 1
DEBUG:root:Order:5 19 1
DEBUG:root:Order:5 9 1
DEBUG:root:Order:5 10 1
DEBUG:root:Finish turn

DEBUG:root:Order:11 19 2
DEBUG:root:Order:11 9 1
DEBUG:root:Order:11 10 1
DEBUG:root:Order:11 4 2
DEBUG:root:Finish turn

DEBUG:root:Order:5 8 4
DEBUG:root:Order:4 8 2
DEBUG:root:Order:15 8 2
DEBUG:root:Finish turn

DEBUG:root:Order:5 8 10
DEBUG:root:Order:11 8 8
DEBUG:root:Order:15 8 8
DEBUG:root:Order:4 8 7
DEBUG:root:Order:9 8 7
DEBUG:root:Order:10 8 7
DEBUG:root:Order:19 8 5
DEBUG:root:Finish turn

DEBUG:root:Order:5 8 3
DEBUG:root:Order:11 8 2
DEBUG:root:Order:11 19 2
DEBUG:root:Order:15 19 1
DEBUG:root:Finish turn

DEBUG:root:Order:8 22 1.0
DEBUG:root:Order:5 8 2
DEBUG:root:Finish turn

DEBUG:root:Order:5 8 2
DEBUG:root:Order:5 4 3
DEBUG:root:Order:11 4 1
DEBUG:root:Order:15 4 1
DEBUG:root:Finish turn

DEBUG:root:Order:4 8 10
DEBUG:root:Order:11 8 8
DEBUG:root:Order:5 8 7
DEBUG:root:Order:15 8 7
DEBUG:root:Order:9 8 5
DEBUG:root:Order:10 8 5
DEBUG:root:Order:19 8 4
DEBUG:root:Finish turn

DEBUG:root:Order:5 15 8
DEBUG:root:Order:11 15 7
DEBUG:root:Order:4 15 5
DEBUG:root:Order:9 15 5
DEBUG:root:Order:10 15 5
DEBUG:root:Order:19 15 4
DEBUG:root:Order:8 15 2
DEBUG:root:Finish turn

DEBUG:root:Order:5 15 8
DEBUG:root:Order:11 15 7
DEBUG:root:Order:4 15 5
DEBUG:root:Order:9 15 5
DEBUG:root:Order:10 15 5
DEBUG:root:Order:8 15 4
DEBUG:root:Order:19 15 4
DEBUG:root:Finish turn

DEBUG:root:Order:5 15 3
DEBUG:root:Order:11 15 2
DEBUG:root:Order:11 8 2
DEBUG:root:Finish turn

DEBUG:root:Order:5 19 2
DEBUG:root:Order:5 4 2
DEBUG:root:Finish turn

DEBUG:root:Order:4 8 1
DEBUG:root:Order:4 19 1
DEBUG:root:Order:4 9 1
DEBUG:root:Order:5 9 1
DEBUG:root:Order:11 9 1
DEBUG:root:Finish turn

DEBUG:root:Order:5 4 2
DEBUG:root:Order:5 8 2
DEBUG:root:Order:5 19 2
DEBUG:root:Order:5 10 1
DEBUG:root:Finish turn

DEBUG:root:Order:11 5 1
DEBUG:root:Order:11 8 1
DEBUG:root:Order:11 19 1
DEBUG:root:Order:11 4 3
DEBUG:root:Order:9 4 1
DEBUG:root:Order:15 4 1
DEBUG:root:Finish turn

DEBUG:root:Order:4 15 11
DEBUG:root:Order:5 15 9
DEBUG:root:Order:9 15 7
DEBUG:root:Order:10 15 6
DEBUG:root:Order:11 15 6
DEBUG:root:Order:8 15 5
DEBUG:root:Order:19 15 5
DEBUG:root:Finish turn

DEBUG:root:Order:5 8 1
DEBUG:root:Order:5 19 1
DEBUG:root:Order:5 4 2
DEBUG:root:Order:11 4 1
DEBUG:root:Finish turn

DEBUG:root:Order:4 8 1
DEBUG:root:Order:4 19 1
DEBUG:root:Order:4 9 2
DEBUG:root:Order:11 9 2
DEBUG:root:Order:5 9 1
DEBUG:root:Finish turn

DEBUG:root:Order:9 4 2
DEBUG:root:Order:9 8 2
DEBUG:root:Order:9 19 2
DEBUG:root:Order:9 10 1
DEBUG:root:Finish turn

DEBUG:root:Order:5 9 3
DEBUG:root:Order:5 8 1
DEBUG:root:Order:5 19 1
DEBUG:root:Order:5 4 5
DEBUG:root:Order:11 4 3
DEBUG:root:Order:15 4 1
DEBUG:root:Finish turn

DEBUG:root:Order:4 5 2
DEBUG:root:Order:4 8 2
DEBUG:root:Order:4 19 2
DEBUG:root:Order:4 9 1
DEBUG:root:Order:4 10 1
DEBUG:root:Finish turn

DEBUG:root:Order:11 8 1
DEBUG:root:Order:11 19 1
DEBUG:root:Order:11 4 3
DEBUG:root:Order:5 4 2
DEBUG:root:Order:15 4 1
DEBUG:root:Finish turn

DEBUG:root:Order:5 4 10
DEBUG:root:Order:15 4 8
DEBUG:root:Order:11 4 7
DEBUG:root:Order:9 4 6
DEBUG:root:Order:10 4 6
DEBUG:root:Order:8 4 5
DEBUG:root:Order:19 4 5
DEBUG:root:Finish turn

DEBUG:root:Order:5 4 3
DEBUG:root:Order:11 4 2
DEBUG:root:Order:15 4 1
DEBUG:root:Order:15 8 1
DEBUG:root:Finish turn

DEBUG:root:Order:5 9 11
DEBUG:root:Order:11 9 10
DEBUG:root:Order:10 9 8
DEBUG:root:Order:15 9 8
DEBUG:root:Order:4 9 7
DEBUG:root:Order:8 9 7
DEBUG:root:Order:19 9 6
DEBUG:root:Finish turn

DEBUG:root:Order:5 9 11
DEBUG:root:Order:11 9 10
DEBUG:root:Order:15 9 9
DEBUG:root:Order:4 9 8
DEBUG:root:Order:10 9 8
DEBUG:root:Order:8 9 7
DEBUG:root:Order:19 9 7
DEBUG:root:Finish turn

DEBUG:root:Order:5 9 3
DEBUG:root:Order:11 9 2
DEBUG:root:Order:11 8 2
DEBUG:root:Order:15 8 1
DEBUG:root:Finish turn

DEBUG:root:Order:5 19 2
DEBUG:root:Order:5 9 1
DEBUG:root:Order:5 4 2
DEBUG:root:Finish turn

DEBUG:root:Order:4 8 10
DEBUG:root:Order:11 8 10
DEBUG:root:Order:15 8 10
DEBUG:root:Order:5 8 9
DEBUG:root:Order:9 8 8
DEBUG:root:Order:10 8 8
DEBUG:root:Order:19 8 7
DEBUG:root:Finish turn

DEBUG:root:Order:5 8 3
DEBUG:root:Order:11 8 2
DEBUG:root:Order:11 19 2
DEBUG:root:Order:15 19 1
DEBUG:root:Finish turn

DEBUG:root:Order:5 8 2
DEBUG:root:Order:5 4 2
DEBUG:root:Finish turn

DEBUG:root:Order:4 8 1
DEBUG:root:Order:4 9 1
DEBUG:root:Order:5 9 1
DEBUG:root:Order:11 9 1
DEBUG:root:Order:15 9 1
DEBUG:root:Finish turn

DEBUG:root:Order:5 4 12
DEBUG:root:Order:9 4 12
DEBUG:root:Order:11 4 11
DEBUG:root:Order:15 4 10
DEBUG:root:Order:10 4 8
DEBUG:root:Order:8 4 7
DEBUG:root:Order:19 4 7
DEBUG:root:Finish turn

DEBUG:root:Order:5 4 12
DEBUG:root:Order:11 4 11
DEBUG:root:Order:15 4 10
DEBUG:root:Order:9 4 9
DEBUG:root:Order:10 4 9
DEBUG:root:Order:8 4 8
DEBUG:root:Order:19 4 8
DEBUG:root:Finish turn

DEBUG:root:Order:5 4 2
DEBUG:root:Order:11 4 1
DEBUG:root:Order:11 8 1
DEBUG:root:Order:11 19 1
DEBUG:root:Order:11 9 1
DEBUG:root:Finish turn

DEBUG:root:Order:5 8 1
DEBUG:root:Order:5 19 1
DEBUG:root:Order:5 4 3
DEBUG:root:Order:15 4 1
DEBUG:root:Finish turn

DEBUG:root:Order:4 8 2
DEBUG:root:Order:4 19 2
DEBUG:root:Order:4 10 1
DEBUG:root:Order:4 9 2
DEBUG:root:Finish turn

DEBUG:root:Order:5 4 3
DEBUG:root:Order:11 4 1
DEBUG:root:Order:11 8 1
DEBUG:root:Order:11 19 1
DEBUG:root:Order:11 10 2
DEBUG:root:Order:9 10 1
DEBUG:root:Order:15 10 1
DEBUG:root:Finish turn

DEBUG:root:Order:5 8 2
DEBUG:root:Order:5 19 2
DEBUG:root:Order:5 4 1
DEBUG:root:Order:5 11 1
DEBUG:root:Order:5 9 2
DEBUG:root:Order:10 9 2
DEBUG:root:Finish turn

DEBUG:root:Order:9 8 13
DEBUG:root:Order:11 8 11
DEBUG:root:Order:15 8 11
DEBUG:root:Order:10 8 10
DEBUG:root:Order:4 8 9
DEBUG:root:Order:19 8 8
DEBUG:root:Order:5 8 7
DEBUG:root:Finish turn

DEBUG:root:Order:5 8 3
DEBUG:root:Order:11 8 2
DEBUG:root:Order:15 8 1
DEBUG:root:Order:15 19 1
DEBUG:root:Finish turn

DEBUG:root:Order:5 8 2
DEBUG:root:Order:5 19 1
DEBUG:root:Order:5 4 2
DEBUG:root:Order:11 4 1
DEBUG:root:Finish turn

DEBUG:root:Order:4 8 1
DEBUG:root:Order:4 19 1
DEBUG:root:Order:4 9 2
DEBUG:root:Order:11 9 2
DEBUG:root:Finish turn

DEBUG:root:Order:5 4 2
DEBUG:root:Order:5 8 2
DEBUG:root:Order:5 19 2
DEBUG:root:Order:5 10 1
DEBUG:root:Finish turn

DEBUG:root:Order:11 19 14
DEBUG:root:Order:9 19 13
DEBUG:root:Order:15 19 12
DEBUG:root:Order:4 19 10
DEBUG:root:Order:10 19 10
DEBUG:root:Order:5 19 9
DEBUG:root:Order:8 19 9
DEBUG:root:Finish turn

DEBUG:root:Order:5 19 14
DEBUG:root:Order:11 19 13
DEBUG:root:Order:15 19 12
DEBUG:root:Order:4 19 11
DEBUG:root:Order:9 19 11
DEBUG:root:Order:10 19 11
DEBUG:root:Order:8 19 10
DEBUG:root:Finish turn

DEBUG:root:Order:5 8 1
DEBUG:root:Order:5 19 1
DEBUG:root:Order:5 4 2
DEBUG:root:Order:11 4 1
DEBUG:root:Finish turn

DEBUG:root:Order:4 8 2
DEBUG:root:Order:4 19 2
DEBUG:root:Order:4 9 1
DEBUG:root:Order:4 10 1
DEBUG:root:Finish turn

DEBUG:root:Order:5 9 14
DEBUG:root:Order:11 9 14
DEBUG:root:Order:15 9 12
DEBUG:root:Order:10 9 10
DEBUG:root:Order:8 9 9
DEBUG:root:Order:19 9 9
DEBUG:root:Order:4 9 6
DEBUG:root:Finish turn

DEBUG:root:Order:5 9 2
DEBUG:root:Order:11 9 1
DEBUG:root:Order:11 8 1
DEBUG:root:Order:11 19 1
DEBUG:root:Order:11 4 1
DEBUG:root:Finish turn

DEBUG:root:Order:5 8 1
DEBUG:root:Order:5 19 1
DEBUG:root:Order:5 9 3
DEBUG:root:Order:15 9 1
DEBUG:root:Finish turn

DEBUG:root:Order:9 8 2
DEBUG:root:Order:9 19 2
DEBUG:root:Order:9 10 1
DEBUG:root:Order:9 4 2
DEBUG:root:Finish turn

DEBUG:root:Order:5 9 3
DEBUG:root:Order:11 9 1
DEBUG:root:Order:11 8 1
DEBUG:root:Order:11 19 1
DEBUG:root:Order:11 10 2
DEBUG:root:Order:4 10 1
DEBUG:root:Order:15 10 1
DEBUG:root:Finish turn

DEBUG:root:Order:5 8 2
DEBUG:root:Order:5 19 2
DEBUG:root:Order:5 9 1
DEBUG:root:Order:5 11 1
DEBUG:root:Order:5 4 2
DEBUG:root:Order:10 4 2
DEBUG:root:Finish turn

DEBUG:root:Order:4 5 2
DEBUG:root:Order:4 8 1
DEBUG:root:Order:4 19 1
DEBUG:root:Order:4 9 3
DEBUG:root:Order:11 9 1
DEBUG:root:Order:15 9 1
DEBUG:root:Finish turn

DEBUG:root:Order:9 10 16
DEBUG:root:Order:5 10 14
DEBUG:root:Order:11 10 14
DEBUG:root:Order:15 10 13
DEBUG:root:Order:8 10 10
DEBUG:root:Order:19 10 10
DEBUG:root:Order:4 10 8
DEBUG:root:Finish turn

DEBUG:root:Order:5 10 2
DEBUG:root:Order:5 8 1
DEBUG:root:Order:5 19 1
DEBUG:root:Order:5 4 2
DEBUG:root:Order:11 4 1
DEBUG:root:Finish turn

DEBUG:root:Order:4 8 1
DEBUG:root:Order:4 19 1
DEBUG:root:Order:4 5 2
DEBUG:root:Order:11 5 2
DEBUG:root:Order:15 5 1
DEBUG:root:Finish turn

DEBUG:root:Order:5 4 2
DEBUG:root:Order:5 8 2
DEBUG:root:Order:5 19 2
DEBUG:root:Order:5 10 1
DEBUG:root:Finish turn

DEBUG:root:Order:11 8 18
DEBUG:root:Order:5 8 17
DEBUG:root:Order:15 8 16
DEBUG:root:Order:4 8 14
DEBUG:root:Order:10 8 14
DEBUG:root:Order:19 8 13
DEBUG:root:Finish turn

DEBUG:root:Order:5 8 17
DEBUG:root:Order:11 8 16
DEBUG:root:Order:15 8 15
DEBUG:root:Order:4 8 14
DEBUG:root:Order:10 8 14
DEBUG:root:Order:19 8 13
DEBUG:root:Finish turn

DEBUG:root:Order:5 4 18
DEBUG:root:Order:11 4 17
DEBUG:root:Order:15 4 16
DEBUG:root:Order:10 4 15
DEBUG:root:Order:19 4 14
DEBUG:root:Order:8 4 9
DEBUG:root:Finish turn

DEBUG:root:Order:5 4 2
DEBUG:root:Order:11 4 1
DEBUG:root:Order:11 8 1
DEBUG:root:Order:11 19 1
DEBUG:root:Order:11 10 1
DEBUG:root:Finish turn

DEBUG:root:Order:9 8 4
DEBUG:root:Order:9 19 4
DEBUG:root:Order:9 4 3
DEBUG:root:Bad order:9 0.0 3
DEBUG:root:Bad order:9 0.0 2
DEBUG:root:Bad order:9 0.0 1
DEBUG:root:Finish turn

DEBUG:root:Order:9 10 2
DEBUG:root:Bad order:9 0.0 1
DEBUG:root:Bad order:9 0.0 1
DEBUG:root:Bad order:9 0.0 1
DEBUG:root:Bad order:9 0.0 7
DEBUG:root:Order:5 4 3
DEBUG:root:Finish turn

DEBUG:root:Order:9 8 3
DEBUG:root:Order:9 19 3
DEBUG:root:Order:9 10 1
DEBUG:root:Order:9 11 4
DEBUG:root:Order:5 11 2
DEBUG:root:Order:4 11 1
DEBUG:root:Finish turn

DEBUG:root:Order:11 9 6
DEBUG:root:Order:11 8 1
DEBUG:root:Order:11 19 1
DEBUG:root:Order:11 10 8
DEBUG:root:Order:5 10 3
DEBUG:root:Finish turn

DEBUG:root:Order:10 11 6
DEBUG:root:Order:10 8 2
DEBUG:root:Order:10 19 2
DEBUG:root:Order:10 9 1
DEBUG:root:Order:10 4 9
DEBUG:root:Order:5 4 2
DEBUG:root:Finish turn

DEBUG:root:Order:4 9 24
DEBUG:root:Order:5 9 17
DEBUG:root:Order:11 9 15
DEBUG:root:Order:15 9 15
DEBUG:root:Order:8 9 12
DEBUG:root:Order:19 9 12
DEBUG:root:Order:10 9 3
DEBUG:root:Finish turn

DEBUG:root:Order:5 9 2
DEBUG:root:Order:11 9 1
DEBUG:root:Order:11 8 1
DEBUG:root:Order:11 19 1
DEBUG:root:Order:11 4 1
DEBUG:root:Finish turn

DEBUG:root:Order:5 8 1
DEBUG:root:Order:5 19 1
DEBUG:root:Order:5 9 3
DEBUG:root:Order:15 9 1
DEBUG:root:Finish turn

DEBUG:root:Bad order:9 15.0 19
DEBUG:root:Order:5 11 17
DEBUG:root:Order:15 11 17
DEBUG:root:Order:10 11 15
DEBUG:root:Order:8 11 14
DEBUG:root:Bad order:19 8.0 14
DEBUG:root:Finish turn

DEBUG:root:Bad order:9 27.0 35
DEBUG:root:Bad order:5 9.0 19
DEBUG:root:Bad order:15 7.0 17
DEBUG:root:Bad order:10 8.0 16
DEBUG:root:Order:8 19 15
DEBUG:root:Finish turn

DEBUG:root:Bad order:9 29.0 37
DEBUG:root:Bad order:5 14.0 24
DEBUG:root:Bad order:15 10.0 20
DEBUG:root:Order:8 19 1
DEBUG:root:Finish turn

DEBUG:root:Bad order:9 31.0 55
DEBUG:root:Bad order:5 19.0 45
DEBUG:root:Order:8 15 17
DEBUG:root:Order:11 15 7
DEBUG:root:Finish turn

DEBUG:root:Bad order:9 33.0 52
DEBUG:root:Bad order:9 33.0 51
DEBUG:root:Bad order:9 33.0 55
DEBUG:root:Bad order:5 24.0 48
DEBUG:root:Order:11 8 2
DEBUG:root:Finish turn

DEBUG:root:Bad order:9 52.0 54
DEBUG:root:Order:9 15 51
DEBUG:root:Bad order:9 1.0 54
DEBUG:root:Bad order:5 29.0 50
DEBUG:root:Order:11 8 1
DEBUG:root:Finish turn

DEBUG:root:Bad order:5 34.0 52
DEBUG:root:Order:9 19 2
DEBUG:root:Order:11 19 1
DEBUG:root:Finish turn

DEBUG:root:Bad order:5 39.0 54
DEBUG:root:Order:5 8 2
DEBUG:root:Finish turn

DEBUG:root:Bad order:5 42.0 55
DEBUG:root:Finish turn

DEBUG:root:Bad order:5 47.0 89
DEBUG:root:Order:15 19 32
DEBUG:root:Order:9 19 30
DEBUG:root:Finish turn

DEBUG:root:Bad order:5 52.0 122
DEBUG:root:Bad order:15 26.0 31
DEBUG:root:Order:9 19 30
DEBUG:root:Finish turn

DEBUG:root:Order:5 9 52
DEBUG:root:Bad order:5 5.0 20
DEBUG:root:Finish turn

DEBUG:root:Bad order:5 10.0 65
DEBUG:root:Order:15 9 22
DEBUG:root:Finish turn

DEBUG:root:Bad order:5 15.0 66
DEBUG:root:Bad order:5 15.0 66
DEBUG:root:Finish turn

DEBUG:root:Bad order:5 20.0 94
DEBUG:root:Finish turn

DEBUG:root:Bad order:5 25.0 155
DEBUG:root:Finish turn

DEBUG:root:Bad order:5 30.0 156
DEBUG:root:Finish turn

DEBUG:root:Bad order:5 35.0 157
DEBUG:root:Finish turn

DEBUG:root:Bad order:5 40.0 158
DEBUG:root:Finish turn

DEBUG:root:Bad order:5 45.0 159
DEBUG:root:Finish turn

DEBUG:root:Bad order:5 50.0 160
DEBUG:root:Finish turn

DEBUG:root:Bad order:5 55.0 161
DEBUG:root:Finish turn

DEBUG:root:Bad order:5 60.0 162
DEBUG:root:Finish turn

DEBUG:root:Bad order:5 65.0 163
DEBUG:root:Finish turn

DEBUG:root:Bad order:5 70.0 164
DEBUG:root:Finish turn

DEBUG:root:Bad order:5 75.0 95
DEBUG:root:Finish turn

DEBUG:root:Finish turn

DEBUG:root:Finish turn

DEBUG:root:Finish turn

DEBUG:root:Finish turn

DEBUG:root:Finish turn

DEBUG:root:Finish turn

DEBUG:root:Finish turn

DEBUG:root:Finish turn

DEBUG:root:Finish turn

DEBUG:root:Finish turn

DEBUG:root:Finish turn

